0 info it worked if it ends with ok
1 verbose cli [ 'C:\\Appz\\nodejs\\node.exe',
1 verbose cli   'C:\\Users\\Matka\\AppData\\Roaming\\npm\\node_modules\\npm\\bin\\npm-cli.js',
1 verbose cli   'start' ]
2 info using npm@3.10.6
3 info using node@v4.4.5
4 verbose run-script [ 'prestart', 'start', 'poststart' ]
5 info lifecycle react-universal-blog@1.0.0~prestart: react-universal-blog@1.0.0
6 silly lifecycle react-universal-blog@1.0.0~prestart: no script for prestart, continuing
7 info lifecycle react-universal-blog@1.0.0~start: react-universal-blog@1.0.0
8 verbose lifecycle react-universal-blog@1.0.0~start: unsafe-perm in lifecycle true
9 verbose lifecycle react-universal-blog@1.0.0~start: PATH: C:\Users\Matka\AppData\Roaming\npm\node_modules\npm\bin\node-gyp-bin;C:\Sites\react-universal-blog\node_modules\.bin;C:\Appz\cmder\vendor\conemu-maximus5;C:\Appz\cmder\vendor\conemu-maximus5\ConEmu;c:\Appz\cmder\;C:\Program Files (x86)\NVIDIA Corporation\PhysX\Common;c:\Program Files (x86)\ImageMagick-6.7.7-Q8\;C:\Appz\ImageMagick-6.7.9-Q8;C:\ProgramData\Oracle\Java\javapath;C:\Windows\system32;C:\Windows;C:\Windows\System32\Wbem;C:\Windows\System32\WindowsPowerShell\v1.0\;C:\Program Files (x86)\AMD\ATI.ACE\Core-Static;c:\RubySDK\;C:\Program Files (x86)\Skype\Phone\;C:\Appz\doxygen\bin;C:\Program Files (x86)\GtkSharp\2.12\bin;C:\Appz\nodejs\;C:\Appz\Git2.8.4\cmd;C:\Appz\Heroku\bin;C:\Program Files (x86)\git\cmd;C:\Program Files (x86)\Git\cmd;C:\Users\Matka\AppData\Roaming\npm\node_modules;C:\Ruby21\bin;c:\RubySDK\;C:\Users\Matka\AppData\Local\atom\bin;C:\Appz\Microsoft VS Code\bin;C:\Users\Matka\AppData\Roaming\npm;c:\Program Files\MongoDB\Server\3.2\bin\;C:\Users\Matka\AppData\Local\.meteor\;C:\Users\Matka\AppData\Roaming\npm\;C:\Users\Matka\AppData\Roaming\npm\node_modules
10 verbose lifecycle react-universal-blog@1.0.0~start: CWD: C:\Sites\react-universal-blog
11 silly lifecycle react-universal-blog@1.0.0~start: Args: [ '/d /s /c', 'npm run production' ]
12 silly lifecycle react-universal-blog@1.0.0~start: Returned: code: 1  signal: null
13 info lifecycle react-universal-blog@1.0.0~start: Failed to exec start script
14 verbose stack Error: react-universal-blog@1.0.0 start: `npm run production`
14 verbose stack Exit status 1
14 verbose stack     at EventEmitter.<anonymous> (C:\Users\Matka\AppData\Roaming\npm\node_modules\npm\lib\utils\lifecycle.js:255:16)
14 verbose stack     at emitTwo (events.js:87:13)
14 verbose stack     at EventEmitter.emit (events.js:172:7)
14 verbose stack     at ChildProcess.<anonymous> (C:\Users\Matka\AppData\Roaming\npm\node_modules\npm\lib\utils\spawn.js:40:14)
14 verbose stack     at emitTwo (events.js:87:13)
14 verbose stack     at ChildProcess.emit (events.js:172:7)
14 verbose stack     at maybeClose (internal/child_process.js:827:16)
14 verbose stack     at Process.ChildProcess._handle.onexit (internal/child_process.js:211:5)
15 verbose pkgid react-universal-blog@1.0.0
16 verbose cwd C:\Sites\react-universal-blog
17 error Windows_NT 6.1.7601
18 error argv "C:\\Appz\\nodejs\\node.exe" "C:\\Users\\Matka\\AppData\\Roaming\\npm\\node_modules\\npm\\bin\\npm-cli.js" "start"
19 error node v4.4.5
20 error npm  v3.10.6
21 error code ELIFECYCLE
22 error react-universal-blog@1.0.0 start: `npm run production`
22 error Exit status 1
23 error Failed at the react-universal-blog@1.0.0 start script 'npm run production'.
23 error Make sure you have the latest version of node.js and npm installed.
23 error If you do, this is most likely a problem with the react-universal-blog package,
23 error not with npm itself.
23 error Tell the author that this fails on your system:
23 error     npm run production
23 error You can get information on how to open an issue for this project with:
23 error     npm bugs react-universal-blog
23 error Or if that isn't available, you can get their info via:
23 error     npm owner ls react-universal-blog
23 error There is likely additional logging output above.
24 verbose exit [ 1, true ]
